<?xml version='1.0' encoding='UTF-8'?>
<testsuite tests="1" name="IntegrationTest" hostname="test.local" failures="0" time="0.0010" errors="0">
                     <properties>
[...]
</properties>
                     <testcase name="IntegrationTest.test" time="0.0" classname="IntegrationTest">
                                                 
                                               </testcase>
                     <system-out></system-out>
                     <system-err></system-err>
                   </testsuite>